<?xml version="1.0" encoding="UTF-8"?>
<!-- Generated by org.testng.reporters.JUnitXMLReporter -->
<testsuite hostname="LAPTOP-4EVRLQKE" ignored="0" name="Default test" tests="4" failures="0" timestamp="2021-03-17T12:06:31 GMT" time="99.181" errors="0">
  <testcase name="runScenario" time="18.288" classname="runnerfile.Runner"/>
  <testcase name="runScenario" time="13.749" classname="runnerfile.Runner"/>
  <testcase name="runScenario" time="45.225" classname="runnerfile.Runner"/>
  <testcase name="runScenario" time="15.834" classname="runnerfile.Runner"/>
</testsuite> <!-- Default test -->
